0 info it worked if it ends with ok
1 verbose cli [ 'C:\\Program Files\\nodejs\\node.exe',
1 verbose cli   'C:\\Program Files\\nodejs\\node_modules\\npm\\bin\\npm-cli.js',
1 verbose cli   'start' ]
2 info using npm@3.10.3
3 info using node@v6.3.1
4 verbose run-script [ 'prestart', 'start', 'poststart' ]
5 info lifecycle mi-aplicacion@1.0.0~prestart: mi-aplicacion@1.0.0
6 silly lifecycle mi-aplicacion@1.0.0~prestart: no script for prestart, continuing
7 info lifecycle mi-aplicacion@1.0.0~start: mi-aplicacion@1.0.0
8 verbose lifecycle mi-aplicacion@1.0.0~start: unsafe-perm in lifecycle true
9 verbose lifecycle mi-aplicacion@1.0.0~start: PATH: C:\Program Files\nodejs\node_modules\npm\bin\node-gyp-bin;C:\Users\alina.guerrero\miAplicacion\node_modules\.bin;C:\Program Files\nodejs;C:\ProgramData\Oracle\Java\javapath;D:\app\alina.guerrero\product\11.2.0\client_2;D:\app\alina.guerrero\product\11.2.0\client_2\bin;D:\app\alina.guerrero\product\11.2.0\client_1\bin;C:\Windows\system32;C:\Windows;C:\Windows\System32\Wbem;C:\Windows\System32\WindowsPowerShell\v1.0\;C:\Program Files (x86)\Microsoft SQL Server\90\Tools\binn\;C:\PROGRA~2\IBM\CLIENT~1;C:\PROGRA~2\IBM\CLIENT~1\Shared;C:\PROGRA~2\IBM\CLIENT~1\Emulator;C:\Program Files\Java\jdk1.8.0_91\bin;D:\apache-tomcat-8.5.3\bin;C:\Program Files (x86)\MySQL\MySQL Fabric 1.5 & MySQL Utilities 1.5\;C:\Program Files (x86)\MySQL\MySQL Fabric 1.5 & MySQL Utilities 1.5\Doctrine extensions for PHP\;C:\Program Files\Git\cmd;D:\apache-ant-1.9.7\bin;C:\Program Files (x86)\PuTTY\;C:\ProgramData\chocolatey\bin;C:\Program Files\nodejs\;C:\tools\python2;C:\Users\alina.guerrero\AppData\Local\Android\sdk\tools;C:\Users\alina.guerrero\AppData\Local\Android\sdk\platform-tools;C:\Program Files (x86)\Skype\Phone\;D:\apache-maven-3.3.9\bin;D:\consul;C:\Program Files\MiKTeX 2.9\miktex\bin\x64\;C:\Users\alina.guerrero\AppData\Local\Programs\Python\Python35-32\Scripts\;C:\Users\alina.guerrero\AppData\Local\Programs\Python\Python35-32\;C:\Users\alina.guerrero\AppData\Roaming\npm;C:\Users\alina.guerrero\AppData\Local\atom\bin;C:\Program Files\Docker Toolbox
10 verbose lifecycle mi-aplicacion@1.0.0~start: CWD: C:\Users\alina.guerrero\miAplicacion
11 silly lifecycle mi-aplicacion@1.0.0~start: Args: [ '/d /s /c', 'tsc && concurrently "tsc -w" "lite-server" ' ]
12 silly lifecycle mi-aplicacion@1.0.0~start: Returned: code: 2  signal: null
13 info lifecycle mi-aplicacion@1.0.0~start: Failed to exec start script
14 verbose stack Error: mi-aplicacion@1.0.0 start: `tsc && concurrently "tsc -w" "lite-server" `
14 verbose stack Exit status 2
14 verbose stack     at EventEmitter.<anonymous> (C:\Program Files\nodejs\node_modules\npm\lib\utils\lifecycle.js:242:16)
14 verbose stack     at emitTwo (events.js:106:13)
14 verbose stack     at EventEmitter.emit (events.js:191:7)
14 verbose stack     at ChildProcess.<anonymous> (C:\Program Files\nodejs\node_modules\npm\lib\utils\spawn.js:40:14)
14 verbose stack     at emitTwo (events.js:106:13)
14 verbose stack     at ChildProcess.emit (events.js:191:7)
14 verbose stack     at maybeClose (internal/child_process.js:852:16)
14 verbose stack     at Process.ChildProcess._handle.onexit (internal/child_process.js:215:5)
15 verbose pkgid mi-aplicacion@1.0.0
16 verbose cwd C:\Users\alina.guerrero\miAplicacion
17 error Windows_NT 6.1.7601
18 error argv "C:\\Program Files\\nodejs\\node.exe" "C:\\Program Files\\nodejs\\node_modules\\npm\\bin\\npm-cli.js" "start"
19 error node v6.3.1
20 error npm  v3.10.3
21 error code ELIFECYCLE
22 error mi-aplicacion@1.0.0 start: `tsc && concurrently "tsc -w" "lite-server" `
22 error Exit status 2
23 error Failed at the mi-aplicacion@1.0.0 start script 'tsc && concurrently "tsc -w" "lite-server" '.
23 error Make sure you have the latest version of node.js and npm installed.
23 error If you do, this is most likely a problem with the mi-aplicacion package,
23 error not with npm itself.
23 error Tell the author that this fails on your system:
23 error     tsc && concurrently "tsc -w" "lite-server"
23 error You can get information on how to open an issue for this project with:
23 error     npm bugs mi-aplicacion
23 error Or if that isn't available, you can get their info via:
23 error     npm owner ls mi-aplicacion
23 error There is likely additional logging output above.
24 verbose exit [ 1, true ]
